<testsuites id="" name="" tests="6" failures="0" skipped="3" errors="0" time="10.304754">
<testsuite name="..\auth.cleanup.ts" timestamp="2026-01-24T19:55:38.919Z" hostname="auth-cleanup" tests="1" failures="0" skipped="0" time="0.003" errors="0">
<testcase name="cleanup auth state" classname="..\auth.cleanup.ts" time="0.003">
<system-out>
<![CDATA[ℹ️  Auth files preserved for faster subsequent runs
   Set CLEANUP_AUTH=true to remove them
]]>
</system-out>
</testcase>
</testsuite>
<testsuite name="..\auth.setup.ts" timestamp="2026-01-24T19:55:38.919Z" hostname="auth-setup" tests="4" failures="0" skipped="3" time="1.872" errors="0">
<testcase name="authenticate admin" classname="..\auth.setup.ts" time="1.872">
<system-out>
<![CDATA[✅ Authenticated: admin@monopilot.com -> .auth/admin.json
]]>
</system-out>
</testcase>
<testcase name="authenticate manager" classname="..\auth.setup.ts" time="0">
<properties>
<property name="skip" value="">
</property>
</properties>
<skipped>
</skipped>
</testcase>
<testcase name="authenticate planner" classname="..\auth.setup.ts" time="0">
<properties>
<property name="skip" value="">
</property>
</properties>
<skipped>
</skipped>
</testcase>
<testcase name="authenticate operator" classname="..\auth.setup.ts" time="0">
<properties>
<property name="skip" value="">
</property>
</properties>
<skipped>
</skipped>
</testcase>
</testsuite>
<testsuite name="technical\boms.spec.ts" timestamp="2026-01-24T19:55:38.919Z" hostname="chromium" tests="1" failures="0" skipped="0" time="2.871" errors="0">
<testcase name="[Feature] BOM Module › [Scenario] Create BOM › TC-BOM-006: should open create BOM form" classname="technical\boms.spec.ts" time="2.871">
</testcase>
</testsuite>
</testsuites>