<testsuites id="" name="" tests="6" failures="1" skipped="3" errors="0" time="23.523049999999998">
<testsuite name="..\auth.cleanup.ts" timestamp="2026-01-24T20:03:15.972Z" hostname="auth-cleanup" tests="1" failures="0" skipped="0" time="0.003" errors="0">
<testcase name="cleanup auth state" classname="..\auth.cleanup.ts" time="0.003">
<system-out>
<![CDATA[ℹ️  Auth files preserved for faster subsequent runs
   Set CLEANUP_AUTH=true to remove them
]]>
</system-out>
</testcase>
</testsuite>
<testsuite name="..\auth.setup.ts" timestamp="2026-01-24T20:03:15.972Z" hostname="auth-setup" tests="4" failures="0" skipped="3" time="2.244" errors="0">
<testcase name="authenticate admin" classname="..\auth.setup.ts" time="2.244">
<system-out>
<![CDATA[✅ Authenticated: admin@monopilot.com -> .auth/admin.json
]]>
</system-out>
</testcase>
<testcase name="authenticate manager" classname="..\auth.setup.ts" time="0">
<properties>
<property name="skip" value="">
</property>
</properties>
<skipped>
</skipped>
</testcase>
<testcase name="authenticate planner" classname="..\auth.setup.ts" time="0">
<properties>
<property name="skip" value="">
</property>
</properties>
<skipped>
</skipped>
</testcase>
<testcase name="authenticate operator" classname="..\auth.setup.ts" time="0">
<properties>
<property name="skip" value="">
</property>
</properties>
<skipped>
</skipped>
</testcase>
</testsuite>
<testsuite name="technical\products.spec.ts" timestamp="2026-01-24T20:03:15.972Z" hostname="chromium" tests="1" failures="1" skipped="0" time="17.955" errors="0">
<testcase name="Products - Create Product › TC-PROD-010: creates product with all required fields" classname="technical\products.spec.ts" time="17.955">
<failure message="products.spec.ts:171:7 TC-PROD-010: creates product with all required fields" type="FAILURE">
<![CDATA[  [chromium] › technical\products.spec.ts:171:7 › Products - Create Product › TC-PROD-010: creates product with all required fields 

    TimeoutError: locator.click: Timeout 15000ms exceeded.
    Call log:
      - waiting for locator('[name="product_type_id"]').first()


       at ..\pages\ProductsPage.ts:301

      299 |     // Click the product type Select trigger
      300 |     const typeSelect = this.page.locator('[name="product_type_id"]').first();
    > 301 |     await typeSelect.click();
          |                      ^
      302 |     await this.page.waitForTimeout(200);
      303 |
      304 |     // Find and click the option
        at ProductsPage.fillProductForm (C:\Users\Mariusz K\Documents\Programowanie\MonoPilot\e2e\pages\ProductsPage.ts:301:22)
        at C:\Users\Mariusz K\Documents\Programowanie\MonoPilot\e2e\tests\technical\products.spec.ts:179:5

    attachment #1: screenshot (image/png) ──────────────────────────────────────────────────────────
    ..\..\test-results\technical-products-Product-5a6af-ct-with-all-required-fields-chromium\test-failed-1.png
    ────────────────────────────────────────────────────────────────────────────────────────────────

    attachment #2: video (video/webm) ──────────────────────────────────────────────────────────────
    ..\..\test-results\technical-products-Product-5a6af-ct-with-all-required-fields-chromium\video.webm
    ────────────────────────────────────────────────────────────────────────────────────────────────

    Error Context: ..\..\test-results\technical-products-Product-5a6af-ct-with-all-required-fields-chromium\error-context.md

    attachment #4: trace (application/zip) ─────────────────────────────────────────────────────────
    ..\..\test-results\technical-products-Product-5a6af-ct-with-all-required-fields-chromium\trace.zip
    Usage:

        npx playwright show-trace ..\..\test-results\technical-products-Product-5a6af-ct-with-all-required-fields-chromium\trace.zip

    ────────────────────────────────────────────────────────────────────────────────────────────────
]]>
</failure>
<system-out>
<![CDATA[
[[ATTACHMENT|technical-products-Product-5a6af-ct-with-all-required-fields-chromium\test-failed-1.png]]

[[ATTACHMENT|technical-products-Product-5a6af-ct-with-all-required-fields-chromium\video.webm]]

[[ATTACHMENT|technical-products-Product-5a6af-ct-with-all-required-fields-chromium\error-context.md]]

[[ATTACHMENT|technical-products-Product-5a6af-ct-with-all-required-fields-chromium\trace.zip]]
]]>
</system-out>
</testcase>
</testsuite>
</testsuites>