<testsuites id="" name="" tests="6" failures="1" skipped="3" errors="0" time="24.801258999999998">
<testsuite name="..\auth.cleanup.ts" timestamp="2026-01-24T19:56:46.015Z" hostname="auth-cleanup" tests="1" failures="0" skipped="0" time="0.003" errors="0">
<testcase name="cleanup auth state" classname="..\auth.cleanup.ts" time="0.003">
<system-out>
<![CDATA[ℹ️  Auth files preserved for faster subsequent runs
   Set CLEANUP_AUTH=true to remove them
]]>
</system-out>
</testcase>
</testsuite>
<testsuite name="..\auth.setup.ts" timestamp="2026-01-24T19:56:46.015Z" hostname="auth-setup" tests="4" failures="0" skipped="3" time="1.782" errors="0">
<testcase name="authenticate admin" classname="..\auth.setup.ts" time="1.782">
<system-out>
<![CDATA[✅ Authenticated: admin@monopilot.com -> .auth/admin.json
]]>
</system-out>
</testcase>
<testcase name="authenticate manager" classname="..\auth.setup.ts" time="0">
<properties>
<property name="skip" value="">
</property>
</properties>
<skipped>
</skipped>
</testcase>
<testcase name="authenticate planner" classname="..\auth.setup.ts" time="0">
<properties>
<property name="skip" value="">
</property>
</properties>
<skipped>
</skipped>
</testcase>
<testcase name="authenticate operator" classname="..\auth.setup.ts" time="0">
<properties>
<property name="skip" value="">
</property>
</properties>
<skipped>
</skipped>
</testcase>
</testsuite>
<testsuite name="technical\routings.spec.ts" timestamp="2026-01-24T19:56:46.015Z" hostname="chromium" tests="1" failures="1" skipped="0" time="18.806" errors="0">
<testcase name="Routings Module (Suite 4) › Create Routing › TC-RTG-006: validates routing code uniqueness" classname="technical\routings.spec.ts" time="18.806">
<failure message="routings.spec.ts:135:9 TC-RTG-006: validates routing code uniqueness" type="FAILURE">
<![CDATA[  [chromium] › technical\routings.spec.ts:135:9 › Routings Module (Suite 4) › Create Routing › TC-RTG-006: validates routing code uniqueness 

    Error: expect(locator).toBeVisible() failed

    Locator: locator('table tbody tr').filter({ hasText: 'RTG-612801' }).first()
    Expected: visible
    Timeout: 15000ms
    Error: element(s) not found

    Call log:
      - Expect "toBeVisible" with timeout 15000ms
      - waiting for locator('table tbody tr').filter({ hasText: 'RTG-612801' }).first()


       at ..\pages\DataTablePage.ts:245

      243 |    */
      244 |   async expectRowWithText(text: string) {
    > 245 |     await expect(this.getRowByText(text)).toBeVisible();
          |                                           ^
      246 |   }
      247 |
      248 |   /**
        at DataTablePage.expectRowWithText (C:\Users\Mariusz K\Documents\Programowanie\MonoPilot\e2e\pages\DataTablePage.ts:245:43)
        at RoutingsPage.expectRoutingInList (C:\Users\Mariusz K\Documents\Programowanie\MonoPilot\e2e\pages\RoutingsPage.ts:204:26)
        at C:\Users\Mariusz K\Documents\Programowanie\MonoPilot\e2e\tests\technical\routings.spec.ts:147:26

    Error: apiRequestContext._wrapApiCall: ENOENT: no such file or directory, open 'C:\Users\Mariusz K\Documents\Programowanie\MonoPilot\test-results\.playwright-artifacts-1\traces\99e8834fcbec1b71ecc9-2d18640bf1af193a2891.trace'

    attachment #1: screenshot (image/png) ──────────────────────────────────────────────────────────
    ..\..\test-results\technical-routings-Routing-ec670-tes-routing-code-uniqueness-chromium\test-failed-1.png
    ────────────────────────────────────────────────────────────────────────────────────────────────

    Error Context: ..\..\test-results\technical-routings-Routing-ec670-tes-routing-code-uniqueness-chromium\error-context.md

    attachment #3: trace (application/zip) ─────────────────────────────────────────────────────────
    ..\..\test-results\technical-routings-Routing-ec670-tes-routing-code-uniqueness-chromium\trace.zip
    Usage:

        pnpm exec playwright show-trace ..\..\test-results\technical-routings-Routing-ec670-tes-routing-code-uniqueness-chromium\trace.zip

    ────────────────────────────────────────────────────────────────────────────────────────────────
]]>
</failure>
<system-err>
<![CDATA[
Warning: attachment technical-routings-Routing-ec670-tes-routing-code-uniqueness-chromium\test-failed-1.png is missing
Warning: attachment technical-routings-Routing-ec670-tes-routing-code-uniqueness-chromium\error-context.md is missing
Warning: attachment technical-routings-Routing-ec670-tes-routing-code-uniqueness-chromium\trace.zip is missing]]>
</system-err>
</testcase>
</testsuite>
</testsuites>