
> monopilot@1.0.0 test C:\Users\Mariusz K\Documents\Programowanie\MonoPilot
> pnpm test:unit && pnpm test:e2e "__tests__/api"


> monopilot@1.0.0 test:unit C:\Users\Mariusz K\Documents\Programowanie\MonoPilot
> cd apps/frontend && pnpm test


> monopilot2@0.1.0 test C:\Users\Mariusz K\Documents\Programowanie\MonoPilot\apps\frontend
> vitest run


[1m[46m RUN [49m[22m [36mv4.0.12 [39m[90mC:/Users/Mariusz K/Documents/Programowanie/MonoPilot/apps/frontend[39m

 [32mâœ“[39m lib/validation/__tests__/auth-schemas.test.ts [2m([22m[2m36 tests[22m[2m)[22m[32m 19[2mms[22m[39m
 [32mâœ“[39m lib/validation/__tests__/location-schemas.test.ts [2m([22m[2m31 tests[22m[2m)[22m[32m 20[2mms[22m[39m
[90mstderr[2m | __tests__/unit/invitation-utils.test.ts[2m > [22m[2mInvitation Utils Unit Tests[2m > [22m[2mAC-1.6.7: Clipboard copy logic[2m > [22m[2mshould validate clipboard write permission
[22m[39mPromise returned by `expect(actual).rejects.toThrow(expected)` was not awaited. Vitest currently auto-awaits hanging assertions at the end of the test, but this will cause the test to fail in Vitest 3. Please remember to await the assertion.
    at C:/Users/Mariusz K/Documents/Programowanie/MonoPilot/apps/frontend/__tests__/unit/invitation-utils.test.ts:198:48

[90mstderr[2m | __tests__/unit/invitation-utils.test.ts[2m > [22m[2mInvitation Utils Unit Tests[2m > [22m[2mAC-1.6.7: Clipboard copy logic[2m > [22m[2mshould validate clipboard write permission
[22m[39mPromise returned by `expect(actual).resolves.toBeUndefined()` was not awaited. Vitest currently auto-awaits hanging assertions at the end of the test, but this will cause the test to fail in Vitest 3. Please remember to await the assertion.
    at C:/Users/Mariusz K/Documents/Programowanie/MonoPilot/apps/frontend/__tests__/unit/invitation-utils.test.ts:197:48

 [32mâœ“[39m __tests__/unit/invitation-utils.test.ts [2m([22m[2m12 tests[22m[2m)[22m[32m 92[2mms[22m[39m
[90mstderr[2m | __tests__/api/warehouses.test.ts[2m > [22m[2mWarehouse API Integration Tests[2m > [22m[2mGET /api/settings/warehouses - List Warehouses (AC-004.3)[2m > [22m[2mshould return 400 for invalid query parameters
[22m[39mError in GET /api/settings/warehouses: ZodError: [
  {
    "received": "invalid_field",
    "code": "invalid_enum_value",
    "options": [
      "code",
      "name",
      "created_at"
    ],
    "path": [
      "sort_by"
    ],
    "message": "Invalid enum value. Expected 'code' | 'name' | 'created_at', received 'invalid_field'"
  }
]
    at Object.get error [as error] (file:///C:/Users/Mariusz%20K/Documents/Programowanie/MonoPilot/node_modules/[4m.pnpm[24m/zod@3.25.76/node_modules/[4mzod[24m/v3/types.js:39:31)
    at ZodObject.parse (file:///C:/Users/Mariusz%20K/Documents/Programowanie/MonoPilot/node_modules/[4m.pnpm[24m/zod@3.25.76/node_modules/[4mzod[24m/v3/types.js:114:22)
    at Module.GET (C:/Users/Mariusz K/Documents/Programowanie/MonoPilot/apps/frontend/app/api/settings/warehouses/route.ts:69:62)
[90m    at processTicksAndRejections (node:internal/process/task_queues:105:5)[39m
    at C:/Users/Mariusz K/Documents/Programowanie/MonoPilot/apps/frontend/__tests__/api/warehouses.test.ts:299:24
    at file:///C:/Users/Mariusz%20K/Documents/Programowanie/MonoPilot/node_modules/[4m.pnpm[24m/@vitest+runner@4.0.12/node_modules/[4m@vitest/runner[24m/dist/index.js:912:20 {
  issues: [
    {
      received: [32m'invalid_field'[39m,
      code: [32m'invalid_enum_value'[39m,
      options: [36m[Array][39m,
      path: [36m[Array][39m,
      message: [32m"Invalid enum value. Expected 'code' | 'name' | 'created_at', received 'invalid_field'"[39m
    }
  ],
  addIssue: [36m[Function (anonymous)][39m,
  addIssues: [36m[Function (anonymous)][39m,
  errors: [
    {
      received: [32m'invalid_field'[39m,
      code: [32m'invalid_enum_value'[39m,
      options: [36m[Array][39m,
      path: [36m[Array][39m,
      message: [32m"Invalid enum value. Expected 'code' | 'name' | 'created_at', received 'invalid_field'"[39m
    }
  ]
}

[90mstderr[2m | __tests__/api/warehouses.test.ts[2m > [22m[2mWarehouse API Integration Tests[2m > [22m[2mPOST /api/settings/warehouses - Create Warehouse (AC-004.1)[2m > [22m[2mshould return 400 for invalid input (missing required fields)
[22m[39mError in POST /api/settings/warehouses: ZodError: [
  {
    "code": "invalid_type",
    "expected": "string",
    "received": "undefined",
    "path": [
      "name"
    ],
    "message": "Required"
  }
]
    at Object.get error [as error] (file:///C:/Users/Mariusz%20K/Documents/Programowanie/MonoPilot/node_modules/[4m.pnpm[24m/zod@3.25.76/node_modules/[4mzod[24m/v3/types.js:39:31)
    at ZodObject.parse (file:///C:/Users/Mariusz%20K/Documents/Programowanie/MonoPilot/node_modules/[4m.pnpm[24m/zod@3.25.76/node_modules/[4mzod[24m/v3/types.js:114:22)
    at Module.POST (C:/Users/Mariusz K/Documents/Programowanie/MonoPilot/apps/frontend/app/api/settings/warehouses/route.ts:149:71)
[90m    at processTicksAndRejections (node:internal/process/task_queues:105:5)[39m
    at C:/Users/Mariusz K/Documents/Programowanie/MonoPilot/apps/frontend/__tests__/api/warehouses.test.ts:377:24
    at file:///C:/Users/Mariusz%20K/Documents/Programowanie/MonoPilot/node_modules/[4m.pnpm[24m/@vitest+runner@4.0.12/node_modules/[4m@vitest/runner[24m/dist/index.js:912:20 {
  issues: [
    {
      code: [32m'invalid_type'[39m,
      expected: [32m'string'[39m,
      received: [32m'undefined'[39m,
      path: [36m[Array][39m,
      message: [32m'Required'[39m
    }
  ],
  addIssue: [36m[Function (anonymous)][39m,
  addIssues: [36m[Function (anonymous)][39m,
  errors: [
    {
      code: [32m'invalid_type'[39m,
      expected: [32m'string'[39m,
      received: [32m'undefined'[39m,
      path: [36m[Array][39m,
      message: [32m'Required'[39m
    }
  ]
}

[90mstderr[2m | __tests__/api/warehouses.test.ts[2m > [22m[2mWarehouse API Integration Tests[2m > [22m[2mPATCH /api/settings/warehouses/[id] - Update Warehouse (AC-004.5)[2m > [22m[2mshould return 400 for invalid location reference (FK constraint)
[22m[39mError in PATCH /api/settings/warehouses/[id]: ZodError: [
  {
    "validation": "uuid",
    "code": "invalid_string",
    "message": "Invalid uuid",
    "path": [
      "default_receiving_location_id"
    ]
  }
]
    at Object.get error [as error] (file:///C:/Users/Mariusz%20K/Documents/Programowanie/MonoPilot/node_modules/[4m.pnpm[24m/zod@3.25.76/node_modules/[4mzod[24m/v3/types.js:39:31)
    at ZodObject.parse (file:///C:/Users/Mariusz%20K/Documents/Programowanie/MonoPilot/node_modules/[4m.pnpm[24m/zod@3.25.76/node_modules/[4mzod[24m/v3/types.js:114:22)
    at Module.PATCH (C:/Users/Mariusz K/Documents/Programowanie/MonoPilot/apps/frontend/app/api/settings/warehouses/[id]/route.ts:137:71)
[90m    at processTicksAndRejections (node:internal/process/task_queues:105:5)[39m
    at C:/Users/Mariusz K/Documents/Programowanie/MonoPilot/apps/frontend/__tests__/api/warehouses.test.ts:505:24
    at file:///C:/Users/Mariusz%20K/Documents/Programowanie/MonoPilot/node_modules/[4m.pnpm[24m/@vitest+runner@4.0.12/node_modules/[4m@vitest/runner[24m/dist/index.js:912:20 {
  issues: [
    {
      validation: [32m'uuid'[39m,
      code: [32m'invalid_string'[39m,
      message: [32m'Invalid uuid'[39m,
      path: [36m[Array][39m
    }
  ],
  addIssue: [36m[Function (anonymous)][39m,
  addIssues: [36m[Function (anonymous)][39m,
  errors: [
    {
      validation: [32m'uuid'[39m,
      code: [32m'invalid_string'[39m,
      message: [32m'Invalid uuid'[39m,
      path: [36m[Array][39m
    }
  ]
}

 [32mâœ“[39m __tests__/api/warehouses.test.ts [2m([22m[2m27 tests[22m[2m)[22m[32m 105[2mms[22m[39m
 [32mâœ“[39m lib/activity/__tests__/log-activity.test.ts [2m([22m[2m11 tests[22m[2m)[22m[32m 5[2mms[22m[39m
[90mstderr[2m | lib/services/__tests__/barcode-generator-service.test.ts[2m > [22m[2mgenerateLocationBarcode - Barcode Generation (AC-005.3)[2m > [22m[2mBarcode Format[2m > [22m[2mshould generate barcode with format LOC-{warehouse_code}-{sequence}
[22m[39mError in generateLocationBarcode: TypeError: supabase.from(...).select(...).eq(...).eq is not a function
    at Module.generateLocationBarcode (C:/Users/Mariusz K/Documents/Programowanie/MonoPilot/apps/frontend/lib/services/barcode-generator-service.ts:49:8)
[90m    at processTicksAndRejections (node:internal/process/task_queues:105:5)[39m
    at C:/Users/Mariusz K/Documents/Programowanie/MonoPilot/apps/frontend/lib/services/__tests__/barcode-generator-service.test.ts:64:22
    at file:///C:/Users/Mariusz%20K/Documents/Programowanie/MonoPilot/node_modules/[4m.pnpm[24m/@vitest+runner@4.0.12/node_modules/[4m@vitest/runner[24m/dist/index.js:912:20

[90mstderr[2m | lib/services/__tests__/barcode-generator-service.test.ts[2m > [22m[2mgenerateLocationBarcode - Barcode Generation (AC-005.3)[2m > [22m[2mBarcode Format[2m > [22m[2mshould increment sequence for existing locations
[22m[39mError in generateLocationBarcode: TypeError: supabase.from(...).select(...).eq(...).eq is not a function
    at Module.generateLocationBarcode (C:/Users/Mariusz K/Documents/Programowanie/MonoPilot/apps/frontend/lib/services/barcode-generator-service.ts:49:8)
[90m    at processTicksAndRejections (node:internal/process/task_queues:105:5)[39m
    at C:/Users/Mariusz K/Documents/Programowanie/MonoPilot/apps/frontend/lib/services/__tests__/barcode-generator-service.test.ts:82:22
    at file:///C:/Users/Mariusz%20K/Documents/Programowanie/MonoPilot/node_modules/[4m.pnpm[24m/@vitest+runner@4.0.12/node_modules/[4m@vitest/runner[24m/dist/index.js:912:20

[90mstderr[2m | lib/services/__tests__/barcode-generator-service.test.ts[2m > [22m[2mgenerateLocationBarcode - Barcode Generation (AC-005.3)[2m > [22m[2mBarcode Format[2m > [22m[2mshould pad sequence with leading zeros (3 digits)
[22m[39mError in generateLocationBarcode: TypeError: supabase.from(...).select(...).eq(...).eq is not a function
    at Module.generateLocationBarcode (C:/Users/Mariusz K/Documents/Programowanie/MonoPilot/apps/frontend/lib/services/barcode-generator-service.ts:49:8)
[90m    at processTicksAndRejections (node:internal/process/task_queues:105:5)[39m
    at C:/Users/Mariusz K/Documents/Programowanie/MonoPilot/apps/frontend/lib/services/__tests__/barcode-generator-service.test.ts:100:22
    at file:///C:/Users/Mariusz%20K/Documents/Programowanie/MonoPilot/node_modules/[4m.pnpm[24m/@vitest+runner@4.0.12/node_modules/[4m@vitest/runner[24m/dist/index.js:912:20

[90mstderr[2m | lib/services/__tests__/barcode-generator-service.test.ts[2m > [22m[2mgenerateLocationBarcode - Barcode Generation (AC-005.3)[2m > [22m[2mBarcode Format[2m > [22m[2mshould handle sequences over 999
[22m[39mError in generateLocationBarcode: TypeError: supabase.from(...).select(...).eq(...).eq is not a function
    at Module.generateLocationBarcode (C:/Users/Mariusz K/Documents/Programowanie/MonoPilot/apps/frontend/lib/services/barcode-generator-service.ts:49:8)
[90m    at processTicksAndRejections (node:internal/process/task_queues:105:5)[39m
    at C:/Users/Mariusz K/Documents/Programowanie/MonoPilot/apps/frontend/lib/services/__tests__/barcode-generator-service.test.ts:119:22
    at file:///C:/Users/Mariusz%20K/Documents/Programowanie/MonoPilot/node_modules/[4m.pnpm[24m/@vitest+runner@4.0.12/node_modules/[4m@vitest/runner[24m/dist/index.js:912:20

[90mstderr[2m | lib/services/__tests__/barcode-generator-service.test.ts[2m > [22m[2mgenerateLocationBarcode - Barcode Generation (AC-005.3)[2m > [22m[2mBarcode Format[2m > [22m[2mshould handle warehouse codes with hyphens and numbers
[22m[39mError in generateLocationBarcode: TypeError: supabase.from(...).select(...).eq(...).eq is not a function
    at Module.generateLocationBarcode (C:/Users/Mariusz K/Documents/Programowanie/MonoPilot/apps/frontend/lib/services/barcode-generator-service.ts:49:8)
[90m    at processTicksAndRejections (node:internal/process/task_queues:105:5)[39m
    at C:/Users/Mariusz K/Documents/Programowanie/MonoPilot/apps/frontend/lib/services/__tests__/barcode-generator-service.test.ts:136:22
    at file:///C:/Users/Mariusz%20K/Documents/Programowanie/MonoPilot/node_modules/[4m.pnpm[24m/@vitest+runner@4.0.12/node_modules/[4m@vitest/runner[24m/dist/index.js:912:20

[90mstderr[2m | lib/services/__tests__/barcode-generator-service.test.ts[2m > [22m[2mgenerateLocationBarcode - Barcode Generation (AC-005.3)[2m > [22m[2mError Handling[2m > [22m[2mshould handle database query errors
[22m[39mError in generateLocationBarcode: TypeError: supabase.from(...).select(...).eq(...).eq is not a function
    at Module.generateLocationBarcode (C:/Users/Mariusz K/Documents/Programowanie/MonoPilot/apps/frontend/lib/services/barcode-generator-service.ts:49:8)
[90m    at processTicksAndRejections (node:internal/process/task_queues:105:5)[39m
    at C:/Users/Mariusz K/Documents/Programowanie/MonoPilot/apps/frontend/lib/services/__tests__/barcode-generator-service.test.ts:156:22
    at file:///C:/Users/Mariusz%20K/Documents/Programowanie/MonoPilot/node_modules/[4m.pnpm[24m/@vitest+runner@4.0.12/node_modules/[4m@vitest/runner[24m/dist/index.js:912:20

[90mstderr[2m | lib/services/__tests__/barcode-generator-service.test.ts[2m > [22m[2mgenerateLocationBarcode - Barcode Generation (AC-005.3)[2m > [22m[2mError Handling[2m > [22m[2mshould handle invalid warehouse code format
[22m[39mError in generateLocationBarcode: TypeError: supabase.from(...).select(...).eq(...).eq is not a function
    at Module.generateLocationBarcode (C:/Users/Mariusz K/Documents/Programowanie/MonoPilot/apps/frontend/lib/services/barcode-generator-service.ts:49:8)
[90m    at processTicksAndRejections (node:internal/process/task_queues:105:5)[39m
    at C:/Users/Mariusz K/Documents/Programowanie/MonoPilot/apps/frontend/lib/services/__tests__/barcode-generator-service.test.ts:166:22
    at file:///C:/Users/Mariusz%20K/Documents/Programowanie/MonoPilot/node_modules/[4m.pnpm[24m/@vitest+runner@4.0.12/node_modules/[4m@vitest/runner[24m/dist/index.js:912:20

[90mstderr[2m | lib/services/__tests__/barcode-generator-service.test.ts[2m > [22m[2mgenerateLocationBarcode - Barcode Generation (AC-005.3)[2m > [22m[2mMulti-warehouse Isolation[2m > [22m[2mshould generate independent sequences per warehouse
[22m[39mError in generateLocationBarcode: TypeError: supabase.from(...).select(...).eq(...).eq is not a function
    at Module.generateLocationBarcode (C:/Users/Mariusz K/Documents/Programowanie/MonoPilot/apps/frontend/lib/services/barcode-generator-service.ts:49:8)
[90m    at processTicksAndRejections (node:internal/process/task_queues:105:5)[39m
    at C:/Users/Mariusz K/Documents/Programowanie/MonoPilot/apps/frontend/lib/services/__tests__/barcode-generator-service.test.ts:189:23
    at file:///C:/Users/Mariusz%20K/Documents/Programowanie/MonoPilot/node_modules/[4m.pnpm[24m/@vitest+runner@4.0.12/node_modules/[4m@vitest/runner[24m/dist/index.js:912:20

[90mstderr[2m | lib/services/__tests__/barcode-generator-service.test.ts[2m > [22m[2mvalidateBarcodeUniqueness - Global Uniqueness (AC-005.3)[2m > [22m[2mshould return true when barcode is unique
[22m[39mError in validateBarcodeUniqueness: TypeError: supabase.from(...).select(...).eq(...).limit is not a function
    at Module.validateBarcodeUniqueness (C:/Users/Mariusz K/Documents/Programowanie/MonoPilot/apps/frontend/lib/services/barcode-generator-service.ts:145:8)
[90m    at processTicksAndRejections (node:internal/process/task_queues:105:5)[39m
    at C:/Users/Mariusz K/Documents/Programowanie/MonoPilot/apps/frontend/lib/services/__tests__/barcode-generator-service.test.ts:220:20
    at file:///C:/Users/Mariusz%20K/Documents/Programowanie/MonoPilot/node_modules/[4m.pnpm[24m/@vitest+runner@4.0.12/node_modules/[4m@vitest/runner[24m/dist/index.js:912:20

[90mstderr[2m | lib/services/__tests__/barcode-generator-service.test.ts[2m > [22m[2mvalidateBarcodeUniqueness - Global Uniqueness (AC-005.3)[2m > [22m[2mshould return false when barcode already exists
[22m[39mError in validateBarcodeUniqueness: TypeError: supabase.from(...).select(...).eq(...).limit is not a function
    at Module.validateBarcodeUniqueness (C:/Users/Mariusz K/Documents/Programowanie/MonoPilot/apps/frontend/lib/services/barcode-generator-service.ts:145:8)
[90m    at processTicksAndRejections (node:internal/process/task_queues:105:5)[39m
    at C:/Users/Mariusz K/Documents/Programowanie/MonoPilot/apps/frontend/lib/services/__tests__/barcode-generator-service.test.ts:236:20
    at file:///C:/Users/Mariusz%20K/Documents/Programowanie/MonoPilot/node_modules/[4m.pnpm[24m/@vitest+runner@4.0.12/node_modules/[4m@vitest/runner[24m/dist/index.js:912:20

[90mstderr[2m | lib/services/__tests__/barcode-generator-service.test.ts[2m > [22m[2mvalidateBarcodeUniqueness - Global Uniqueness (AC-005.3)[2m > [22m[2mshould handle database errors gracefully
[22m[39mError in validateBarcodeUniqueness: TypeError: supabase.from(...).select(...).eq(...).limit is not a function
    at Module.validateBarcodeUniqueness (C:/Users/Mariusz K/Documents/Programowanie/MonoPilot/apps/frontend/lib/services/barcode-generator-service.ts:145:8)
[90m    at processTicksAndRejections (node:internal/process/task_queues:105:5)[39m
    at C:/Users/Mariusz K/Documents/Programowanie/MonoPilot/apps/frontend/lib/services/__tests__/barcode-generator-service.test.ts:252:20
    at file:///C:/Users/Mariusz%20K/Documents/Programowanie/MonoPilot/node_modules/[4m.pnpm[24m/@vitest+runner@4.0.12/node_modules/[4m@vitest/runner[24m/dist/index.js:912:20

[90mstdout[2m | lib/services/__tests__/barcode-generator-service.test.ts[2m > [22m[2mgenerateQRCode - QR Code Display (AC-005.6)[2m > [22m[2mshould generate QR code as data URL with correct dimensions
[22m[39mGenerated QR code for barcode: LOC-WH-01-001

[90mstdout[2m | lib/services/__tests__/barcode-generator-service.test.ts[2m > [22m[2mgenerateQRCode - QR Code Display (AC-005.6)[2m > [22m[2mshould use Medium error correction level for display
[22m[39mGenerated QR code for barcode: LOC-WH-01-001

[90mstderr[2m | lib/services/__tests__/barcode-generator-service.test.ts[2m > [22m[2mgenerateQRCode - QR Code Display (AC-005.6)[2m > [22m[2mshould handle QR code generation errors
[22m[39mError generating QR code: Error: QR generation failed
    at C:/Users/Mariusz K/Documents/Programowanie/MonoPilot/apps/frontend/lib/services/__tests__/barcode-generator-service.test.ts:294:50
[90m    at processTicksAndRejections (node:internal/process/task_queues:105:5)[39m
    at file:///C:/Users/Mariusz%20K/Documents/Programowanie/MonoPilot/node_modules/[4m.pnpm[24m/@vitest+runner@4.0.12/node_modules/[4m@vitest/runner[24m/dist/index.js:912:20

[90mstderr[2m | lib/services/__tests__/barcode-generator-service.test.ts[2m > [22m[2mgeneratePrintableQRCode - QR Code Printing (AC-005.6)[2m > [22m[2mshould generate high-resolution QR code for printing
[22m[39mError generating printable QR code: Error: QR generation failed
    at C:/Users/Mariusz K/Documents/Programowanie/MonoPilot/apps/frontend/lib/services/__tests__/barcode-generator-service.test.ts:294:50
[90m    at processTicksAndRejections (node:internal/process/task_queues:105:5)[39m
    at file:///C:/Users/Mariusz%20K/Documents/Programowanie/MonoPilot/node_modules/[4m.pnpm[24m/@vitest+runner@4.0.12/node_modules/[4m@vitest/runner[24m/dist/index.js:912:20

[90mstderr[2m | lib/services/__tests__/barcode-generator-service.test.ts[2m > [22m[2mgeneratePrintableQRCode - QR Code Printing (AC-005.6)[2m > [22m[2mshould use High error correction level for printing
[22m[39mError generating printable QR code: Error: QR generation failed
    at C:/Users/Mariusz K/Documents/Programowanie/MonoPilot/apps/frontend/lib/services/__tests__/barcode-generator-service.test.ts:294:50
[90m    at processTicksAndRejections (node:internal/process/task_queues:105:5)[39m
    at file:///C:/Users/Mariusz%20K/Documents/Programowanie/MonoPilot/node_modules/[4m.pnpm[24m/@vitest+runner@4.0.12/node_modules/[4m@vitest/runner[24m/dist/index.js:912:20

[90mstderr[2m | lib/services/__tests__/barcode-generator-service.test.ts[2m > [22m[2mgeneratePrintableQRCode - QR Code Printing (AC-005.6)[2m > [22m[2mshould handle empty barcode input
[22m[39mError generating printable QR code: Error: QR generation failed
    at C:/Users/Mariusz K/Documents/Programowanie/MonoPilot/apps/frontend/lib/services/__tests__/barcode-generator-service.test.ts:294:50
[90m    at processTicksAndRejections (node:internal/process/task_queues:105:5)[39m
    at file:///C:/Users/Mariusz%20K/Documents/Programowanie/MonoPilot/node_modules/[4m.pnpm[24m/@vitest+runner@4.0.12/node_modules/[4m@vitest/runner[24m/dist/index.js:912:20

 [31mâ¯[39m lib/services/__tests__/barcode-generator-service.test.ts [2m([22m[2m17 tests[22m[2m | [22m[31m10 failed[39m[2m)[22m[32m 48[2mms[22m[39m
[31m       [31mÃ—[31m should generate barcode with format LOC-{warehouse_code}-{sequence}[39m[32m 9[2mms[22m[39m
[31m       [31mÃ—[31m should increment sequence for existing locations[39m[32m 3[2mms[22m[39m
[31m       [31mÃ—[31m should pad sequence with leading zeros (3 digits)[39m[32m 2[2mms[22m[39m
[31m       [31mÃ—[31m should handle sequences over 999[39m[32m 2[2mms[22m[39m
[31m       [31mÃ—[31m should handle warehouse codes with hyphens and numbers[39m[32m 2[2mms[22m[39m
[31m       [31mÃ—[31m should handle database query errors[39m[32m 5[2mms[22m[39m
       [32mâœ“[39m should handle invalid warehouse code format[32m 2[2mms[22m[39m
[31m       [31mÃ—[31m should generate independent sequences per warehouse[39m[32m 4[2mms[22m[39m
[31m     [31mÃ—[31m should return true when barcode is unique[39m[32m 7[2mms[22m[39m
     [32mâœ“[39m should return false when barcode already exists[32m 1[2mms[22m[39m
     [32mâœ“[39m should handle database errors gracefully[32m 1[2mms[22m[39m
     [32mâœ“[39m should generate QR code as data URL with correct dimensions[32m 1[2mms[22m[39m
     [32mâœ“[39m should use Medium error correction level for display[32m 2[2mms[22m[39m
[31m     [31mÃ—[31m should handle QR code generation errors[39m[32m 2[2mms[22m[39m
[31m     [31mÃ—[31m should generate high-resolution QR code for printing[39m[32m 1[2mms[22m[39m
     [32mâœ“[39m should use High error correction level for printing[32m 1[2mms[22m[39m
     [32mâœ“[39m should handle empty barcode input[32m 0[2mms[22m[39m
 [32mâœ“[39m __tests__/rls/users-rls.test.ts [2m([22m[2m13 tests[22m[2m)[22m[32m 7[2mms[22m[39m
 [32mâœ“[39m lib/validation/__tests__/user-schemas.test.ts [2m([22m[2m27 tests[22m[2m)[22m[32m 17[2mms[22m[39m
 [32mâœ“[39m lib/services/__tests__/user-validation.test.ts [2m([22m[2m10 tests[22m[2m)[22m[32m 3[2mms[22m[39m

[31mâ¯â¯â¯â¯â¯â¯[39m[1m[41m Failed Suites 5 [49m[22m[31mâ¯â¯â¯â¯â¯â¯â¯[39m

[41m[1m FAIL [22m[49m __tests__/api/settings/invitations.test.ts[2m [ __tests__/api/settings/invitations.test.ts ][22m
[31m[1mError[22m: supabaseUrl is required.[39m
[90m [2mâ¯[22m validateSupabaseUrl ../../node_modules/.pnpm/@supabase+supabase-js@2.84.0/node_modules/@supabase/supabase-js/dist/main/lib/helpers.js:[2m50:15[22m[39m
[90m [2mâ¯[22m new SupabaseClient ../../node_modules/.pnpm/@supabase+supabase-js@2.84.0/node_modules/@supabase/supabase-js/dist/main/SupabaseClient.js:[2m41:59[22m[39m
[90m [2mâ¯[22m createClient ../../node_modules/.pnpm/@supabase+supabase-js@2.84.0/node_modules/@supabase/supabase-js/dist/main/index.js:[2m46:12[22m[39m
[36m [2mâ¯[22m __tests__/api/settings/invitations.test.ts:[2m22:18[22m[39m
    [90m 20| [39mconst SUPABASE_SERVICE_ROLE_KEY = process.env.SUPABASE_SERVICE_ROLE_KEâ€¦
    [90m 21| [39m
    [90m 22| [39m[35mconst[39m supabase [33m=[39m [34mcreateClient[39m([33mSUPABASE_URL[39m[33m,[39m [33mSUPABASE_SERVICE_ROLE_KEY[39m)
    [90m   | [39m                 [31m^[39m
    [90m 23| [39m
    [90m 24| [39m[90m// Test data[39m

[31m[2mâ¯â¯â¯â¯â¯â¯â¯â¯â¯â¯â¯â¯â¯â¯â¯â¯â¯â¯â¯â¯â¯â¯â¯[1/15]â¯[22m[39m

[41m[1m FAIL [22m[49m __tests__/api/settings/machines.test.ts[2m [ __tests__/api/settings/machines.test.ts ][22m
[31m[1mError[22m: supabaseUrl is required.[39m
[90m [2mâ¯[22m validateSupabaseUrl ../../node_modules/.pnpm/@supabase+supabase-js@2.84.0/node_modules/@supabase/supabase-js/dist/main/lib/helpers.js:[2m50:15[22m[39m
[90m [2mâ¯[22m new SupabaseClient ../../node_modules/.pnpm/@supabase+supabase-js@2.84.0/node_modules/@supabase/supabase-js/dist/main/SupabaseClient.js:[2m41:59[22m[39m
[90m [2mâ¯[22m createClient ../../node_modules/.pnpm/@supabase+supabase-js@2.84.0/node_modules/@supabase/supabase-js/dist/main/index.js:[2m46:12[22m[39m
[36m [2mâ¯[22m __tests__/api/settings/machines.test.ts:[2m16:18[22m[39m
    [90m 14| [39mconst SUPABASE_SERVICE_ROLE_KEY = process.env.SUPABASE_SERVICE_ROLE_KEâ€¦
    [90m 15| [39m
    [90m 16| [39m[35mconst[39m supabase [33m=[39m [34mcreateClient[39m([33mSUPABASE_URL[39m[33m,[39m [33mSUPABASE_SERVICE_ROLE_KEY[39m)
    [90m   | [39m                 [31m^[39m
    [90m 17| [39m
    [90m 18| [39m[90m// Test data[39m

[31m[2mâ¯â¯â¯â¯â¯â¯â¯â¯â¯â¯â¯â¯â¯â¯â¯â¯â¯â¯â¯â¯â¯â¯â¯[2/15]â¯[22m[39m

[41m[1m FAIL [22m[49m __tests__/api/settings/modules.test.ts[2m [ __tests__/api/settings/modules.test.ts ][22m
[31m[1mError[22m: supabaseUrl is required.[39m
[90m [2mâ¯[22m validateSupabaseUrl ../../node_modules/.pnpm/@supabase+supabase-js@2.84.0/node_modules/@supabase/supabase-js/dist/main/lib/helpers.js:[2m50:15[22m[39m
[90m [2mâ¯[22m new SupabaseClient ../../node_modules/.pnpm/@supabase+supabase-js@2.84.0/node_modules/@supabase/supabase-js/dist/main/SupabaseClient.js:[2m41:59[22m[39m
[90m [2mâ¯[22m createClient ../../node_modules/.pnpm/@supabase+supabase-js@2.84.0/node_modules/@supabase/supabase-js/dist/main/index.js:[2m46:12[22m[39m
[36m [2mâ¯[22m __tests__/api/settings/modules.test.ts:[2m22:18[22m[39m
    [90m 20| [39mconst SUPABASE_SERVICE_ROLE_KEY = process.env.SUPABASE_SERVICE_ROLE_KEâ€¦
    [90m 21| [39m
    [90m 22| [39m[35mconst[39m supabase [33m=[39m [34mcreateClient[39m([33mSUPABASE_URL[39m[33m,[39m [33mSUPABASE_SERVICE_ROLE_KEY[39m)
    [90m   | [39m                 [31m^[39m
    [90m 23| [39m
    [90m 24| [39m[90m// Test data - use proper UUIDs[39m

[31m[2mâ¯â¯â¯â¯â¯â¯â¯â¯â¯â¯â¯â¯â¯â¯â¯â¯â¯â¯â¯â¯â¯â¯â¯[3/15]â¯[22m[39m

[41m[1m FAIL [22m[49m __tests__/api/settings/tax-codes.test.ts[2m [ __tests__/api/settings/tax-codes.test.ts ][22m
[31m[1mError[22m: supabaseUrl is required.[39m
[90m [2mâ¯[22m validateSupabaseUrl ../../node_modules/.pnpm/@supabase+supabase-js@2.84.0/node_modules/@supabase/supabase-js/dist/main/lib/helpers.js:[2m50:15[22m[39m
[90m [2mâ¯[22m new SupabaseClient ../../node_modules/.pnpm/@supabase+supabase-js@2.84.0/node_modules/@supabase/supabase-js/dist/main/SupabaseClient.js:[2m41:59[22m[39m
[90m [2mâ¯[22m createClient ../../node_modules/.pnpm/@supabase+supabase-js@2.84.0/node_modules/@supabase/supabase-js/dist/main/index.js:[2m46:12[22m[39m
[36m [2mâ¯[22m __tests__/api/settings/tax-codes.test.ts:[2m23:18[22m[39m
    [90m 21| [39mconst SUPABASE_SERVICE_ROLE_KEY = process.env.SUPABASE_SERVICE_ROLE_KEâ€¦
    [90m 22| [39m
    [90m 23| [39m[35mconst[39m supabase [33m=[39m [34mcreateClient[39m([33mSUPABASE_URL[39m[33m,[39m [33mSUPABASE_SERVICE_ROLE_KEY[39m)
    [90m   | [39m                 [31m^[39m
    [90m 24| [39m
    [90m 25| [39m[90m// Test data - use proper UUIDs[39m

[31m[2mâ¯â¯â¯â¯â¯â¯â¯â¯â¯â¯â¯â¯â¯â¯â¯â¯â¯â¯â¯â¯â¯â¯â¯[4/15]â¯[22m[39m

[41m[1m FAIL [22m[49m __tests__/api/settings/wizard.test.ts[2m [ __tests__/api/settings/wizard.test.ts ][22m
[31m[1mError[22m: supabaseUrl is required.[39m
[90m [2mâ¯[22m validateSupabaseUrl ../../node_modules/.pnpm/@supabase+supabase-js@2.84.0/node_modules/@supabase/supabase-js/dist/main/lib/helpers.js:[2m50:15[22m[39m
[90m [2mâ¯[22m new SupabaseClient ../../node_modules/.pnpm/@supabase+supabase-js@2.84.0/node_modules/@supabase/supabase-js/dist/main/SupabaseClient.js:[2m41:59[22m[39m
[90m [2mâ¯[22m createClient ../../node_modules/.pnpm/@supabase+supabase-js@2.84.0/node_modules/@supabase/supabase-js/dist/main/index.js:[2m46:12[22m[39m
[36m [2mâ¯[22m __tests__/api/settings/wizard.test.ts:[2m22:18[22m[39m
    [90m 20| [39mconst SUPABASE_SERVICE_ROLE_KEY = process.env.SUPABASE_SERVICE_ROLE_KEâ€¦
    [90m 21| [39m
    [90m 22| [39m[35mconst[39m supabase [33m=[39m [34mcreateClient[39m([33mSUPABASE_URL[39m[33m,[39m [33mSUPABASE_SERVICE_ROLE_KEY[39m)
    [90m   | [39m                 [31m^[39m
    [90m 23| [39m
    [90m 24| [39m[90m// Test data - use proper UUIDs[39m

[31m[2mâ¯â¯â¯â¯â¯â¯â¯â¯â¯â¯â¯â¯â¯â¯â¯â¯â¯â¯â¯â¯â¯â¯â¯[5/15]â¯[22m[39m


[31mâ¯â¯â¯â¯â¯â¯[39m[1m[41m Failed Tests 10 [49m[22m[31mâ¯â¯â¯â¯â¯â¯â¯[39m

[41m[1m FAIL [22m[49m lib/services/__tests__/barcode-generator-service.test.ts[2m > [22mgenerateLocationBarcode - Barcode Generation (AC-005.3)[2m > [22mBarcode Format[2m > [22mshould generate barcode with format LOC-{warehouse_code}-{sequence}
[31m[1mAssertionError[22m: expected false to be true // Object.is equality[39m

[32m- Expected[39m
[31m+ Received[39m

[32m- true[39m
[31m+ false[39m

[36m [2mâ¯[22m lib/services/__tests__/barcode-generator-service.test.ts:[2m66:30[22m[39m
    [90m 64| [39m      const result = await generateLocationBarcode(warehouseCode, orgIâ€¦
    [90m 65| [39m
    [90m 66| [39m      [34mexpect[39m(result[33m.[39msuccess)[33m.[39m[34mtoBe[39m([35mtrue[39m)
    [90m   | [39m                             [31m^[39m
    [90m 67| [39m      [34mexpect[39m(result[33m.[39mbarcode)[33m.[39m[34mtoBe[39m([32m'LOC-WH-01-001'[39m)
    [90m 68| [39m    })

[31m[2mâ¯â¯â¯â¯â¯â¯â¯â¯â¯â¯â¯â¯â¯â¯â¯â¯â¯â¯â¯â¯â¯â¯â¯[6/15]â¯[22m[39m

[41m[1m FAIL [22m[49m lib/services/__tests__/barcode-generator-service.test.ts[2m > [22mgenerateLocationBarcode - Barcode Generation (AC-005.3)[2m > [22mBarcode Format[2m > [22mshould increment sequence for existing locations
[31m[1mAssertionError[22m: expected false to be true // Object.is equality[39m

[32m- Expected[39m
[31m+ Received[39m

[32m- true[39m
[31m+ false[39m

[36m [2mâ¯[22m lib/services/__tests__/barcode-generator-service.test.ts:[2m84:30[22m[39m
    [90m 82| [39m      const result = await generateLocationBarcode(warehouseCode, orgIâ€¦
    [90m 83| [39m
    [90m 84| [39m      [34mexpect[39m(result[33m.[39msuccess)[33m.[39m[34mtoBe[39m([35mtrue[39m)
    [90m   | [39m                             [31m^[39m
    [90m 85| [39m      [34mexpect[39m(result[33m.[39mbarcode)[33m.[39m[34mtoBe[39m([32m'LOC-WH-01-006'[39m)
    [90m 86| [39m    })

[31m[2mâ¯â¯â¯â¯â¯â¯â¯â¯â¯â¯â¯â¯â¯â¯â¯â¯â¯â¯â¯â¯â¯â¯â¯[7/15]â¯[22m[39m

[41m[1m FAIL [22m[49m lib/services/__tests__/barcode-generator-service.test.ts[2m > [22mgenerateLocationBarcode - Barcode Generation (AC-005.3)[2m > [22mBarcode Format[2m > [22mshould pad sequence with leading zeros (3 digits)
[31m[1mAssertionError[22m: expected false to be true // Object.is equality[39m

[32m- Expected[39m
[31m+ Received[39m

[32m- true[39m
[31m+ false[39m

[36m [2mâ¯[22m lib/services/__tests__/barcode-generator-service.test.ts:[2m102:30[22m[39m
    [90m100| [39m      const result = await generateLocationBarcode(warehouseCode, orgIâ€¦
    [90m101| [39m
    [90m102| [39m      [34mexpect[39m(result[33m.[39msuccess)[33m.[39m[34mtoBe[39m([35mtrue[39m)
    [90m   | [39m                             [31m^[39m
    [90m103| [39m      [34mexpect[39m(result[33m.[39mbarcode)[33m.[39m[34mtoMatch[39m([36m/^LOC-WH-TEST-\d{3}$/[39m)
    [90m104| [39m      [34mexpect[39m(result[33m.[39mbarcode)[33m.[39m[34mtoBe[39m([32m'LOC-WH-TEST-001'[39m)

[31m[2mâ¯â¯â¯â¯â¯â¯â¯â¯â¯â¯â¯â¯â¯â¯â¯â¯â¯â¯â¯â¯â¯â¯â¯[8/15]â¯[22m[39m

[41m[1m FAIL [22m[49m lib/services/__tests__/barcode-generator-service.test.ts[2m > [22mgenerateLocationBarcode - Barcode Generation (AC-005.3)[2m > [22mBarcode Format[2m > [22mshould handle sequences over 999
[31m[1mAssertionError[22m: expected false to be true // Object.is equality[39m

[32m- Expected[39m
[31m+ Received[39m

[32m- true[39m
[31m+ false[39m

[36m [2mâ¯[22m lib/services/__tests__/barcode-generator-service.test.ts:[2m121:30[22m[39m
    [90m119| [39m      const result = await generateLocationBarcode(warehouseCode, orgIâ€¦
    [90m120| [39m
    [90m121| [39m      [34mexpect[39m(result[33m.[39msuccess)[33m.[39m[34mtoBe[39m([35mtrue[39m)
    [90m   | [39m                             [31m^[39m
    [90m122| [39m      [34mexpect[39m(result[33m.[39mbarcode)[33m.[39m[34mtoBe[39m([32m'LOC-WH-01-1501'[39m)
    [90m123| [39m    })

[31m[2mâ¯â¯â¯â¯â¯â¯â¯â¯â¯â¯â¯â¯â¯â¯â¯â¯â¯â¯â¯â¯â¯â¯â¯[9/15]â¯[22m[39m

[41m[1m FAIL [22m[49m lib/services/__tests__/barcode-generator-service.test.ts[2m > [22mgenerateLocationBarcode - Barcode Generation (AC-005.3)[2m > [22mBarcode Format[2m > [22mshould handle warehouse codes with hyphens and numbers
[31m[1mAssertionError[22m: expected false to be true // Object.is equality[39m

[32m- Expected[39m
[31m+ Received[39m

[32m- true[39m
[31m+ false[39m

[36m [2mâ¯[22m lib/services/__tests__/barcode-generator-service.test.ts:[2m138:30[22m[39m
    [90m136| [39m      const result = await generateLocationBarcode(warehouseCode, orgIâ€¦
    [90m137| [39m
    [90m138| [39m      [34mexpect[39m(result[33m.[39msuccess)[33m.[39m[34mtoBe[39m([35mtrue[39m)
    [90m   | [39m                             [31m^[39m
    [90m139| [39m      [34mexpect[39m(result[33m.[39mbarcode)[33m.[39m[34mtoBe[39m([32m'LOC-MAIN-WAREHOUSE-2024-001'[39m)
    [90m140| [39m    })

[31m[2mâ¯â¯â¯â¯â¯â¯â¯â¯â¯â¯â¯â¯â¯â¯â¯â¯â¯â¯â¯â¯â¯â¯[10/15]â¯[22m[39m

[41m[1m FAIL [22m[49m lib/services/__tests__/barcode-generator-service.test.ts[2m > [22mgenerateLocationBarcode - Barcode Generation (AC-005.3)[2m > [22mError Handling[2m > [22mshould handle database query errors
[31m[1mAssertionError[22m: expected 'supabase.from(...).select(...).eq(...â€¦' to contain 'Failed to generate barcode'[39m

Expected: [32m"Failed to generate barcode"[39m
Received: [31m"supabase.from(...).select(...).eq(...).eq is not a function"[39m

[36m [2mâ¯[22m lib/services/__tests__/barcode-generator-service.test.ts:[2m159:28[22m[39m
    [90m157| [39m
    [90m158| [39m      [34mexpect[39m(result[33m.[39msuccess)[33m.[39m[34mtoBe[39m([35mfalse[39m)
    [90m159| [39m      [34mexpect[39m(result[33m.[39merror)[33m.[39m[34mtoContain[39m([32m'Failed to generate barcode'[39m)
    [90m   | [39m                           [31m^[39m
    [90m160| [39m    })
    [90m161| [39m

[31m[2mâ¯â¯â¯â¯â¯â¯â¯â¯â¯â¯â¯â¯â¯â¯â¯â¯â¯â¯â¯â¯â¯â¯[11/15]â¯[22m[39m

[41m[1m FAIL [22m[49m lib/services/__tests__/barcode-generator-service.test.ts[2m > [22mgenerateLocationBarcode - Barcode Generation (AC-005.3)[2m > [22mMulti-warehouse Isolation[2m > [22mshould generate independent sequences per warehouse
[31m[1mAssertionError[22m: expected undefined to be 'LOC-WH-01-004' // Object.is equality[39m

[32m- Expected:[39m 
"LOC-WH-01-004"

[31m+ Received:[39m 
undefined

[36m [2mâ¯[22m lib/services/__tests__/barcode-generator-service.test.ts:[2m190:31[22m[39m
    [90m188| [39m
    [90m189| [39m      [35mconst[39m result1 [33m=[39m [35mawait[39m [34mgenerateLocationBarcode[39m([32m'WH-01'[39m[33m,[39m orgId)
    [90m190| [39m      [34mexpect[39m(result1[33m.[39mbarcode)[33m.[39m[34mtoBe[39m([32m'LOC-WH-01-004'[39m)
    [90m   | [39m                              [31m^[39m
    [90m191| [39m
    [90m192| [39m      [90m// Warehouse 2 - no locations yet[39m

[31m[2mâ¯â¯â¯â¯â¯â¯â¯â¯â¯â¯â¯â¯â¯â¯â¯â¯â¯â¯â¯â¯â¯â¯[12/15]â¯[22m[39m

[41m[1m FAIL [22m[49m lib/services/__tests__/barcode-generator-service.test.ts[2m > [22mvalidateBarcodeUniqueness - Global Uniqueness (AC-005.3)[2m > [22mshould return true when barcode is unique
[31m[1mAssertionError[22m: expected false to be true // Object.is equality[39m

[32m- Expected[39m
[31m+ Received[39m

[32m- true[39m
[31m+ false[39m

[36m [2mâ¯[22m lib/services/__tests__/barcode-generator-service.test.ts:[2m222:20[22m[39m
    [90m220| [39m    [35mconst[39m result [33m=[39m [35mawait[39m [34mvalidateBarcodeUniqueness[39m(barcode)
    [90m221| [39m
    [90m222| [39m    [34mexpect[39m(result)[33m.[39m[34mtoBe[39m([35mtrue[39m)
    [90m   | [39m                   [31m^[39m
    [90m223| [39m  })
    [90m224| [39m

[31m[2mâ¯â¯â¯â¯â¯â¯â¯â¯â¯â¯â¯â¯â¯â¯â¯â¯â¯â¯â¯â¯â¯â¯[13/15]â¯[22m[39m

[41m[1m FAIL [22m[49m lib/services/__tests__/barcode-generator-service.test.ts[2m > [22mgenerateQRCode - QR Code Display (AC-005.6)[2m > [22mshould handle QR code generation errors
[31m[1mAssertionError[22m: expected 'QR generation failed' to contain 'Failed to generate QR code'[39m

Expected: [32m"Failed to generate QR code"[39m
Received: [31m"QR generation failed"[39m

[36m [2mâ¯[22m lib/services/__tests__/barcode-generator-service.test.ts:[2m299:26[22m[39m
    [90m297| [39m
    [90m298| [39m    [34mexpect[39m(result[33m.[39msuccess)[33m.[39m[34mtoBe[39m([35mfalse[39m)
    [90m299| [39m    [34mexpect[39m(result[33m.[39merror)[33m.[39m[34mtoContain[39m([32m'Failed to generate QR code'[39m)
    [90m   | [39m                         [31m^[39m
    [90m300| [39m  })
    [90m301| [39m})

[31m[2mâ¯â¯â¯â¯â¯â¯â¯â¯â¯â¯â¯â¯â¯â¯â¯â¯â¯â¯â¯â¯â¯â¯[14/15]â¯[22m[39m

[41m[1m FAIL [22m[49m lib/services/__tests__/barcode-generator-service.test.ts[2m > [22mgeneratePrintableQRCode - QR Code Printing (AC-005.6)[2m > [22mshould generate high-resolution QR code for printing
[31m[1mAssertionError[22m: expected false to be true // Object.is equality[39m

[32m- Expected[39m
[31m+ Received[39m

[32m- true[39m
[31m+ false[39m

[36m [2mâ¯[22m lib/services/__tests__/barcode-generator-service.test.ts:[2m313:28[22m[39m
    [90m311| [39m    [35mconst[39m result [33m=[39m [35mawait[39m [34mgeneratePrintableQRCode[39m(barcode)
    [90m312| [39m
    [90m313| [39m    [34mexpect[39m(result[33m.[39msuccess)[33m.[39m[34mtoBe[39m([35mtrue[39m)
    [90m   | [39m                           [31m^[39m
    [90m314| [39m    [34mexpect[39m(result[33m.[39mdataUrl)[33m.[39m[34mtoContain[39m([32m'600'[39m) [90m// Higher resolution[39m
    [90m315| [39m  })

[31m[2mâ¯â¯â¯â¯â¯â¯â¯â¯â¯â¯â¯â¯â¯â¯â¯â¯â¯â¯â¯â¯â¯â¯[15/15]â¯[22m[39m


[2m Test Files [22m [1m[31m6 failed[39m[22m[2m | [22m[1m[32m8 passed[39m[22m[90m (14)[39m
[2m      Tests [22m [1m[31m10 failed[39m[22m[2m | [22m[1m[32m174 passed[39m[22m[90m (184)[39m
[2m   Start at [22m 13:22:56
[2m   Duration [22m 5.71s[2m (transform 2.60s, setup 9.75s, collect 1.77s, tests 316ms, environment 19.41s, prepare 466ms)[22m

â€‰ELIFECYCLEâ€‰ Test failed. See above for more details.
â€‰ELIFECYCLEâ€‰ Command failed with exit code 1.
â€‰ELIFECYCLEâ€‰ Test failed. See above for more details.
